<?xml version="1.0" encoding="UTF-8"?>
<!-- Generated by org.testng.reporters.JUnitReportReporter -->
<testsuite skipped="0" hostname="LNAR-PC0611GC" name="com.practice.java.selenium.seleniumpomexample.LoginTest" tests="4" failures="0" timestamp="13 May 2018 23:44:26 GMT" time="15.972" errors="0">
  <testcase name="clickSearchBtnTest" time="5.959" classname="com.practice.java.selenium.seleniumpomexample.LoginTest"/>
  <testcase name="enterSearchTest" time="0.233" classname="com.practice.java.selenium.seleniumpomexample.LoginTest"/>
  <testcase name="quitWebDriver" time="0.956" classname="com.practice.java.selenium.seleniumpomexample.LoginTest"/>
  <testcase name="setUp" time="8.824" classname="com.practice.java.selenium.seleniumpomexample.LoginTest"/>
</testsuite> <!-- com.practice.java.selenium.seleniumpomexample.LoginTest -->
