<?xml version="1.0" encoding="UTF-8"?>
<!-- Generated by org.testng.reporters.JUnitReportReporter -->
<testsuite skipped="0" hostname="LNAR-PC0611GC" name="com.practice.java.selenium.seleniumpomexample.AppTest" tests="1" failures="0" timestamp="13 May 2018 23:44:26 GMT" time="0.001" errors="0">
  <testcase name="testApp" time="0.001" classname="com.practice.java.selenium.seleniumpomexample.AppTest"/>
</testsuite> <!-- com.practice.java.selenium.seleniumpomexample.AppTest -->
