<?xml version="1.0" encoding="UTF-8"?>
<!-- Generated by org.testng.reporters.JUnitReportReporter -->
<testsuite skipped="0" hostname="LNAR-PC0611GC" name="com.practice.java.selenium.seleniumpomexample.AmazonHomeTest" tests="9" failures="0" timestamp="16 May 2018 04:27:13 GMT" time="39.849" errors="0">
  <testcase name="clickAmazonLogoTest" time="1.719" classname="com.practice.java.selenium.seleniumpomexample.AmazonHomeTest"/>
  <testcase name="enterSearchTextTest" time="1.709" classname="com.practice.java.selenium.seleniumpomexample.AmazonHomeTest"/>
  <testcase name="selectDepartmenr" time="0.837" classname="com.practice.java.selenium.seleniumpomexample.AmazonHomeTest"/>
  <testcase name="quitWebDriver" time="1.066" classname="com.practice.java.selenium.seleniumpomexample.AmazonHomeTest"/>
  <testcase name="clickCartTest" time="3.024" classname="com.practice.java.selenium.seleniumpomexample.AmazonHomeTest"/>
  <testcase name="hoverlinks" time="0.001" classname="com.practice.java.selenium.seleniumpomexample.AmazonHomeTest"/>
  <testcase name="clickSearchBtnTest" time="7.711" classname="com.practice.java.selenium.seleniumpomexample.AmazonHomeTest"/>
  <testcase name="clickDeliverToTest" time="11.842" classname="com.practice.java.selenium.seleniumpomexample.AmazonHomeTest"/>
  <testcase name="initilize" time="11.940" classname="com.practice.java.selenium.seleniumpomexample.AmazonHomeTest"/>
</testsuite> <!-- com.practice.java.selenium.seleniumpomexample.AmazonHomeTest -->
