<?xml version="1.0" encoding="UTF-8"?>
<!-- Generated by org.testng.reporters.JUnitReportReporter -->
<testsuite skipped="0" hostname="LNAR-PC0611GC" name="com.practice.java.selenium.seleniumpomexample.LoginTest" tests="4" failures="0" timestamp="15 May 2018 15:57:12 GMT" time="15.301" errors="0">
  <testcase name="clickSearchBtnTest" time="5.899" classname="com.practice.java.selenium.seleniumpomexample.LoginTest"/>
  <testcase name="setUp" time="8.113" classname="com.practice.java.selenium.seleniumpomexample.LoginTest"/>
  <testcase name="quitWebDriver" time="0.761" classname="com.practice.java.selenium.seleniumpomexample.LoginTest"/>
  <testcase name="enterSearchTest" time="0.528" classname="com.practice.java.selenium.seleniumpomexample.LoginTest"/>
</testsuite> <!-- com.practice.java.selenium.seleniumpomexample.LoginTest -->
