<?xml version="1.0" encoding="UTF-8"?>
<!-- Generated by org.testng.reporters.JUnitReportReporter -->
<testsuite skipped="0" hostname="LNAR-PC0611GC" name="com.practice.java.selenium.seleniumpomexample.AmazonHomeTest" tests="9" failures="0" timestamp="16 May 2018 03:55:11 GMT" time="28.547" errors="0">
  <testcase name="clickSearchBtnTest" time="0.008" classname="com.practice.java.selenium.seleniumpomexample.AmazonHomeTest"/>
  <testcase name="clickCartTest" time="0.004" classname="com.practice.java.selenium.seleniumpomexample.AmazonHomeTest"/>
  <testcase name="enterSearchTextTest" time="0.006" classname="com.practice.java.selenium.seleniumpomexample.AmazonHomeTest"/>
  <testcase name="selectDepartmenr" time="0.007" classname="com.practice.java.selenium.seleniumpomexample.AmazonHomeTest"/>
  <testcase name="quitWebDriver" time="0.919" classname="com.practice.java.selenium.seleniumpomexample.AmazonHomeTest"/>
  <testcase name="hoverlinks" time="0.012" classname="com.practice.java.selenium.seleniumpomexample.AmazonHomeTest"/>
  <testcase name="clickDeliverToTest" time="12.265" classname="com.practice.java.selenium.seleniumpomexample.AmazonHomeTest"/>
  <testcase name="initilize" time="13.171" classname="com.practice.java.selenium.seleniumpomexample.AmazonHomeTest"/>
  <testcase name="clickAmazonLogoTest" time="2.155" classname="com.practice.java.selenium.seleniumpomexample.AmazonHomeTest"/>
</testsuite> <!-- com.practice.java.selenium.seleniumpomexample.AmazonHomeTest -->
